[csi300] N=344 tickers, train 2018-01-02..2021-12-31, val 2022-01-04..2023-02-28
[csi300] eval-only: loading saved weights from artifacts/stage0_1/csi500_r6c_v1/csi300/model.zip
[csi300] dumped 277 daily rows (344 within-book names) -> interpretability/_streams/r6c_deadline_daily.csv

=== csi300 R6c result ===
{
  "run": "csi500_r6c_evaldump",
  "N": 344,
  "n_val_days": 277,
  "budget": 2500,
  "window": {
    "train": [
      "2018-01-02",
      "2021-12-31"
    ],
    "frozen": [
      "2022-01-04",
      "2023-02-28"
    ]
  },
  "book_dispersion": 1.1537,
  "behavioral_complexity": 0.3855,
  "mean_cash": 0.973,
  "val_sharpe": 0.527,
  "val_total_return": 0.0027,
  "dow30_family_dispersion_max": 0.17,
  "complexity_verdict": "GENUINE SELECTION \u2014 book_dispersion ABOVE the Dow-30 collapse band \u2192 high-complexity anchor",
  "ew_frozen_sharpe": -0.067,
  "policy_frozen_sharpe": 0.527,
  "excess_sharpe_vs_ew": 0.084,
  "mean_excess_95ci": [
    -0.001295,
    0.001285
  ],
  "deflated_bar_sharpe": 0.811,
  "n_frozen_days": 277,
  "beats_ew_deflated": false,
  "firewall_verdict": "DOES NOT beat equal-weight (no selection alpha on csi300, deflated/frozen-confirmed)",
  "honest_note": "book_dispersion = concentration (complexity for the curve), NOT skill; gates OFF (Dow-30-specific); n=1 seed"
}
